This is pdfTeX, Version 3.14159265-2.6-1.40.21 (MiKTeX 2.9.7380 64-bit) (preloaded format=pdflatex 2020.4.3)  7 SEP 2020 17:59
entering extended mode
**./R4RNA.tex
(R4RNA.tex
LaTeX2e <2020-02-02> patch level 5
L3 programming layer <2020-03-06>
("C:\Program Files\MiKTeX 2.9\tex/latex/base\article.cls"
Document Class: article 2019/12/20 v1.4l Standard LaTeX document class
("C:\Program Files\MiKTeX 2.9\tex/latex/base\size10.clo"
File: size10.clo 2019/12/20 v1.4l Standard LaTeX file (size option)
)
\c@part=\count167
\c@section=\count168
\c@subsection=\count169
\c@subsubsection=\count170
\c@paragraph=\count171
\c@subparagraph=\count172
\c@figure=\count173
\c@table=\count174
\abovecaptionskip=\skip47
\belowcaptionskip=\skip48
\bibindent=\dimen134
)
("C:\Program Files\MiKTeX 2.9\tex/latex/graphics\graphicx.sty"
Package: graphicx 2019/11/30 v1.2a Enhanced LaTeX Graphics (DPC,SPQR)

("C:\Program Files\MiKTeX 2.9\tex/latex/graphics\keyval.sty"
Package: keyval 2014/10/28 v1.15 key=value parser (DPC)
\KV@toks@=\toks15
)
("C:\Program Files\MiKTeX 2.9\tex/latex/graphics\graphics.sty"
Package: graphics 2019/11/30 v1.4a Standard LaTeX Graphics (DPC,SPQR)

("C:\Program Files\MiKTeX 2.9\tex/latex/graphics\trig.sty"
Package: trig 2016/01/03 v1.10 sin cos tan (DPC)
)
("C:\Program Files\MiKTeX 2.9\tex/latex/graphics-cfg\graphics.cfg"
File: graphics.cfg 2016/06/04 v1.11 sample graphics configuration
)
Package graphics Info: Driver file: pdftex.def on input line 105.

("C:\Program Files\MiKTeX 2.9\tex/latex/graphics-def\pdftex.def"
File: pdftex.def 2018/01/08 v1.0l Graphics/color driver for pdftex
))
\Gin@req@height=\dimen135
\Gin@req@width=\dimen136
)
(C:\Users\balas\AppData\Roaming\MiKTeX\2.9\tex/latex/wrapfig\wrapfig.sty
\wrapoverhang=\dimen137
\WF@size=\dimen138
\c@WF@wrappedlines=\count175
\WF@box=\box45
\WF@everypar=\toks16
Package: wrapfig 2003/01/31  v 3.6
)
(C:\Users\balas\AppData\Roaming\MiKTeX\2.9\tex/latex/preprint\fullpage.sty
Package: fullpage 1999/02/23 1.1 (PWD)
\FP@margin=\skip49
)
("C:\Program Files\MiKTeX 2.9\tex/latex/hyperref\hyperref.sty"
Package: hyperref 2020/01/14 v7.00d Hypertext links for LaTeX

(C:\Users\balas\AppData\Roaming\MiKTeX\2.9\tex/generic/ltxcmds\ltxcmds.sty
Package: ltxcmds 2019/12/15 v1.24 LaTeX kernel commands for general use (HO)
)
("C:\Program Files\MiKTeX 2.9\tex/generic/iftex\iftex.sty"
Package: iftex 2020/03/06 v1.0d TeX engine tests
)
("C:\Program Files\MiKTeX 2.9\tex/latex/pdftexcmds\pdftexcmds.sty"
Package: pdftexcmds 2019/11/24 v0.31 Utility functions of pdfTeX for LuaTeX (HO
)

(C:\Users\balas\AppData\Roaming\MiKTeX\2.9\tex/generic/infwarerr\infwarerr.sty
Package: infwarerr 2019/12/03 v1.5 Providing info/warning/error messages (HO)
)
Package pdftexcmds Info: \pdf@primitive is available.
Package pdftexcmds Info: \pdf@ifprimitive is available.
Package pdftexcmds Info: \pdfdraftmode found.
)
(C:\Users\balas\AppData\Roaming\MiKTeX\2.9\tex/generic/kvsetkeys\kvsetkeys.sty
Package: kvsetkeys 2019/12/15 v1.18 Key value parser (HO)
)
(C:\Users\balas\AppData\Roaming\MiKTeX\2.9\tex/generic/kvdefinekeys\kvdefinekey
s.sty
Package: kvdefinekeys 2019-12-19 v1.6 Define keys (HO)
)
(C:\Users\balas\AppData\Roaming\MiKTeX\2.9\tex/generic/pdfescape\pdfescape.sty
Package: pdfescape 2019/12/09 v1.15 Implements pdfTeX's escape features (HO)
) (C:\Users\balas\AppData\Roaming\MiKTeX\2.9\tex/latex/hycolor\hycolor.sty
Package: hycolor 2020-01-27 v1.10 Color options for hyperref/bookmark (HO)
)
(C:\Users\balas\AppData\Roaming\MiKTeX\2.9\tex/latex/letltxmacro\letltxmacro.st
y
Package: letltxmacro 2019/12/03 v1.6 Let assignment for LaTeX macros (HO)
) (C:\Users\balas\AppData\Roaming\MiKTeX\2.9\tex/latex/auxhook\auxhook.sty
Package: auxhook 2019-12-17 v1.6 Hooks for auxiliary files (HO)
)
(C:\Users\balas\AppData\Roaming\MiKTeX\2.9\tex/latex/kvoptions\kvoptions.sty
Package: kvoptions 2019/11/29 v3.13 Key value format for package options (HO)
)
\@linkdim=\dimen139
\Hy@linkcounter=\count176
\Hy@pagecounter=\count177

("C:\Program Files\MiKTeX 2.9\tex/latex/hyperref\pd1enc.def"
File: pd1enc.def 2020/01/14 v7.00d Hyperref: PDFDocEncoding definition (HO)
Now handling font encoding PD1 ...
... no UTF-8 mapping file for font encoding PD1
)
(C:\Users\balas\AppData\Roaming\MiKTeX\2.9\tex/generic/intcalc\intcalc.sty
Package: intcalc 2019/12/15 v1.3 Expandable calculations with integers (HO)
)
(C:\Users\balas\AppData\Roaming\MiKTeX\2.9\tex/generic/etexcmds\etexcmds.sty
Package: etexcmds 2019/12/15 v1.7 Avoid name clashes with e-TeX commands (HO)
)
\Hy@SavedSpaceFactor=\count178
Package hyperref Info: Hyper figures OFF on input line 4547.
Package hyperref Info: Link nesting OFF on input line 4552.
Package hyperref Info: Hyper index ON on input line 4555.
Package hyperref Info: Plain pages OFF on input line 4562.
Package hyperref Info: Backreferencing OFF on input line 4567.
Package hyperref Info: Implicit mode ON; LaTeX internals redefined.
Package hyperref Info: Bookmarks ON on input line 4800.
\c@Hy@tempcnt=\count179

("C:\Program Files\MiKTeX 2.9\tex/latex/url\url.sty"
\Urlmuskip=\muskip16
Package: url 2013/09/16  ver 3.4  Verb mode for urls, etc.
)
LaTeX Info: Redefining \url on input line 5159.
\XeTeXLinkMargin=\dimen140

(C:\Users\balas\AppData\Roaming\MiKTeX\2.9\tex/generic/bitset\bitset.sty
Package: bitset 2019/12/09 v1.3 Handle bit-vector datatype (HO)

(C:\Users\balas\AppData\Roaming\MiKTeX\2.9\tex/generic/bigintcalc\bigintcalc.st
y
Package: bigintcalc 2019/12/15 v1.5 Expandable calculations on big integers (HO
)
))
\Fld@menulength=\count180
\Field@Width=\dimen141
\Fld@charsize=\dimen142
Package hyperref Info: Hyper figures OFF on input line 6430.
Package hyperref Info: Link nesting OFF on input line 6435.
Package hyperref Info: Hyper index ON on input line 6438.
Package hyperref Info: backreferencing OFF on input line 6445.
Package hyperref Info: Link coloring OFF on input line 6450.
Package hyperref Info: Link coloring with OCG OFF on input line 6455.
Package hyperref Info: PDF/A mode OFF on input line 6460.
LaTeX Info: Redefining \ref on input line 6500.
LaTeX Info: Redefining \pageref on input line 6504.

(C:\Users\balas\AppData\Roaming\MiKTeX\2.9\tex/generic/atbegshi\atbegshi.sty
Package: atbegshi 2019/12/05 v1.19 At begin shipout hook (HO)
)
\Hy@abspage=\count181
\c@Item=\count182
\c@Hfootnote=\count183
)
Package hyperref Info: Driver (autodetected): hpdftex.

("C:\Program Files\MiKTeX 2.9\tex/latex/hyperref\hpdftex.def"
File: hpdftex.def 2020/01/14 v7.00d Hyperref driver for pdfTeX

(C:\Users\balas\AppData\Roaming\MiKTeX\2.9\tex/latex/atveryend\atveryend.sty
Package: atveryend 2019-12-11 v1.11 Hooks at the very end of document (HO)
Package atveryend Info: \enddocument detected (standard20110627).
)
\Fld@listcount=\count184
\c@bookmark@seq@number=\count185

(C:\Users\balas\AppData\Roaming\MiKTeX\2.9\tex/latex/rerunfilecheck\rerunfilech
eck.sty
Package: rerunfilecheck 2019/12/05 v1.9 Rerun checks for auxiliary files (HO)

(C:\Users\balas\AppData\Roaming\MiKTeX\2.9\tex/generic/uniquecounter\uniquecoun
ter.sty
Package: uniquecounter 2019/12/15 v1.4 Provide unlimited unique counter (HO)
)
Package uniquecounter Info: New unique counter `rerunfilecheck' on input line 2
86.
)
\Hy@SectionHShift=\skip50
)
(C:\Users\balas\AppData\Roaming\MiKTeX\2.9\tex/latex/caption\caption.sty
Package: caption 2020/01/03 v3.4h Customizing captions (AR)

(C:\Users\balas\AppData\Roaming\MiKTeX\2.9\tex/latex/caption\caption3.sty
Package: caption3 2020/01/03 v1.8h caption3 kernel (AR)
Package caption3 Info: TeX engine: e-TeX on input line 61.
\captionmargin=\dimen143
\captionmargin@=\dimen144
\captionwidth=\dimen145
\caption@tempdima=\dimen146
\caption@indent=\dimen147
\caption@parindent=\dimen148
\caption@hangindent=\dimen149
Package caption Info: Standard document class detected.
)
\c@caption@flags=\count186
\c@continuedfloat=\count187
Package caption Info: hyperref package is loaded.
Package caption Info: wrapfig package is loaded.
)
(C:/PROGRA~1/R/R-3.6.3/share/texmf/tex/latex\Sweave.sty
Package: Sweave 

("C:\Program Files\MiKTeX 2.9\tex/latex/base\ifthen.sty"
Package: ifthen 2014/09/29 v1.1c Standard LaTeX ifthen package (DPC)
)
(C:\Users\balas\AppData\Roaming\MiKTeX\2.9\tex/latex/fancyvrb\fancyvrb.sty
Package: fancyvrb 2020/01/13 v3.5 verbatim text (tvz,hv)
\FV@CodeLineNo=\count188
\FV@InFile=\read2
\FV@TabBox=\box46
\c@FancyVerbLine=\count189
\FV@StepNumber=\count190
\FV@OutFile=\write3
)
("C:\Program Files\MiKTeX 2.9\tex/latex/base\textcomp.sty"
Package: textcomp 2020/02/02 v2.0n Standard LaTeX package
)
("C:\Program Files\MiKTeX 2.9\tex/latex/base\fontenc.sty"
Package: fontenc 2020/02/11 v2.0o Standard LaTeX package
)
(C:\Users\balas\AppData\Roaming\MiKTeX\2.9\tex/latex/ae\ae.sty
Package: ae 2001/02/12 1.3 Almost European Computer Modern

("C:\Program Files\MiKTeX 2.9\tex/latex/base\fontenc.sty"
Package: fontenc 2020/02/11 v2.0o Standard LaTeX package
)))
("C:\Program Files\MiKTeX 2.9\tex/latex/l3backend\l3backend-pdfmode.def"
File: l3backend-pdfmode.def 2020-03-12 L3 backend support: PDF mode
\l__kernel_color_stack_int=\count191
\l__pdf_internal_box=\box47
)
(R4RNA.aux)
\openout1 = `R4RNA.aux'.

LaTeX Font Info:    Checking defaults for OML/cmm/m/it on input line 18.
LaTeX Font Info:    ... okay on input line 18.
LaTeX Font Info:    Checking defaults for OMS/cmsy/m/n on input line 18.
LaTeX Font Info:    ... okay on input line 18.
LaTeX Font Info:    Checking defaults for OT1/cmr/m/n on input line 18.
LaTeX Font Info:    ... okay on input line 18.
LaTeX Font Info:    Checking defaults for T1/cmr/m/n on input line 18.
LaTeX Font Info:    ... okay on input line 18.
LaTeX Font Info:    Checking defaults for TS1/cmr/m/n on input line 18.
LaTeX Font Info:    ... okay on input line 18.
LaTeX Font Info:    Checking defaults for OMX/cmex/m/n on input line 18.
LaTeX Font Info:    ... okay on input line 18.
LaTeX Font Info:    Checking defaults for U/cmr/m/n on input line 18.
LaTeX Font Info:    ... okay on input line 18.
LaTeX Font Info:    Checking defaults for PD1/pdf/m/n on input line 18.
LaTeX Font Info:    ... okay on input line 18.
LaTeX Font Info:    Trying to load font information for T1+aer on input line 18
.
 (C:\Users\balas\AppData\Roaming\MiKTeX\2.9\tex/latex/ae\t1aer.fd
File: t1aer.fd 1997/11/16 Font definitions for T1/aer.
)
("C:\Program Files\MiKTeX 2.9\tex/context/base/mkii\supp-pdf.mkii"
[Loading MPS to PDF converter (version 2006.09.02).]
\scratchcounter=\count192
\scratchdimen=\dimen150
\scratchbox=\box48
\nofMPsegments=\count193
\nofMParguments=\count194
\everyMPshowfont=\toks17
\MPscratchCnt=\count195
\MPscratchDim=\dimen151
\MPnumerator=\count196
\makeMPintoPDFobject=\count197
\everyMPtoPDFconversion=\toks18
) ("C:\Program Files\MiKTeX 2.9\tex/latex/epstopdf-pkg\epstopdf-base.sty"
Package: epstopdf-base 2020-01-24 v2.11 Base part for package epstopdf

(C:\Users\balas\AppData\Roaming\MiKTeX\2.9\tex/latex/grfext\grfext.sty
Package: grfext 2019/12/03 v1.3 Manage graphics extensions (HO)
)
Package epstopdf-base Info: Redefining graphics rule for `.eps' on input line 4
85.
Package grfext Info: Graphics extension search list:
(grfext)             [.pdf,.png,.jpg,.mps,.jpeg,.jbig2,.jb2,.PDF,.PNG,.JPG,.JPE
G,.JBIG2,.JB2,.eps]
(grfext)             \AppendGraphicsExtensions on input line 504.
)
\AtBeginShipoutBox=\box49
Package hyperref Info: Link coloring OFF on input line 18.

("C:\Program Files\MiKTeX 2.9\tex/latex/hyperref\nameref.sty"
Package: nameref 2019/09/16 v2.46 Cross-referencing by name of section

(C:\Users\balas\AppData\Roaming\MiKTeX\2.9\tex/latex/refcount\refcount.sty
Package: refcount 2019/12/15 v3.6 Data extraction from label references (HO)
)
(C:\Users\balas\AppData\Roaming\MiKTeX\2.9\tex/generic/gettitlestring\gettitles
tring.sty
Package: gettitlestring 2019/12/15 v1.6 Cleanup title references (HO)
)
\c@section@level=\count198
)
LaTeX Info: Redefining \ref on input line 18.
LaTeX Info: Redefining \pageref on input line 18.
LaTeX Info: Redefining \nameref on input line 18.
 (R4RNA.out) (R4RNA.out)
\@outlinefile=\write4
\openout4 = `R4RNA.out'.

Package caption Info: Begin \AtBeginDocument code.
Package caption Info: End \AtBeginDocument code.
 (R4RNA-concordance.tex)
LaTeX Font Info:    External font `cmex10' loaded for size
(Font)              <12> on input line 24.
LaTeX Font Info:    External font `cmex10' loaded for size
(Font)              <8> on input line 24.
LaTeX Font Info:    External font `cmex10' loaded for size
(Font)              <6> on input line 24.
 (R4RNA.toc
LaTeX Font Info:    External font `cmex10' loaded for size
(Font)              <7> on input line 2.
LaTeX Font Info:    External font `cmex10' loaded for size
(Font)              <5> on input line 2.
)
\tf@toc=\write5
\openout5 = `R4RNA.toc'.

LaTeX Font Info:    Trying to load font information for T1+aett on input line 4
3.

(C:\Users\balas\AppData\Roaming\MiKTeX\2.9\tex/latex/ae\t1aett.fd
File: t1aett.fd 1997/11/16 Font definitions for T1/aett.
) [1

{C:/Users/balas/AppData/Local/MiKTeX/2.9/pdftex/config/pdftex.map}]
<R4RNA-003.pdf, id=100, 433.62pt x 136.51pt>
File: R4RNA-003.pdf Graphic file (type pdf)
<use R4RNA-003.pdf>
Package pdftex.def Info: R4RNA-003.pdf  used on input line 104.
(pdftex.def)             Requested size: 469.75502pt x 147.8931pt.
<R4RNA-004.pdf, id=101, 433.62pt x 136.51pt>
File: R4RNA-004.pdf Graphic file (type pdf)
<use R4RNA-004.pdf>
Package pdftex.def Info: R4RNA-004.pdf  used on input line 116.
(pdftex.def)             Requested size: 469.75502pt x 147.8931pt.
 [2 <./R4RNA-003.pdf>]
<R4RNA-005.pdf, id=112, 578.16pt x 289.08pt>
File: R4RNA-005.pdf Graphic file (type pdf)
<use R4RNA-005.pdf>
Package pdftex.def Info: R4RNA-005.pdf  used on input line 125.
(pdftex.def)             Requested size: 469.75502pt x 234.8769pt.
<R4RNA-006.pdf, id=113, 433.62pt x 289.08pt>
File: R4RNA-006.pdf Graphic file (type pdf)
<use R4RNA-006.pdf>
Package pdftex.def Info: R4RNA-006.pdf  used on input line 140.
(pdftex.def)             Requested size: 469.75502pt x 313.1854pt.
[3 <./R4RNA-004.pdf> <./R4RNA-005.pdf>]
<R4RNA-007.pdf, id=128, 433.62pt x 289.08pt>
File: R4RNA-007.pdf Graphic file (type pdf)
<use R4RNA-007.pdf>
Package pdftex.def Info: R4RNA-007.pdf  used on input line 149.
(pdftex.def)             Requested size: 469.75502pt x 313.1854pt.
 [4 <./R4RNA-006.pdf>]
<R4RNA-008.pdf, id=138, 578.16pt x 289.08pt>
File: R4RNA-008.pdf Graphic file (type pdf)
<use R4RNA-008.pdf>
Package pdftex.def Info: R4RNA-008.pdf  used on input line 159.
(pdftex.def)             Requested size: 469.75502pt x 234.8769pt.
 [5 <./R4RNA-007.pdf> <./R4RNA-008.pdf>]
LaTeX Font Info:    Trying to load font information for TS1+aett on input line 
181.
 (C:/PROGRA~1/R/R-3.6.3/share/texmf/tex/latex\ts1aett.fd
File: ts1aett.fd 
)
LaTeX Font Info:    Trying to load font information for TS1+cmtt on input line 
181.
("C:\Program Files\MiKTeX 2.9\tex/latex/base\ts1cmtt.fd"
File: ts1cmtt.fd 2019/12/16 v2.5j Standard LaTeX font definitions
)
LaTeX Font Info:    Font shape `TS1/aett/m/sl' in size <10> not available
(Font)              Font shape `TS1/cmtt/m/sl' tried instead on input line 181.

<R4RNA-010.pdf, id=153, 433.62pt x 310.15875pt>
File: R4RNA-010.pdf Graphic file (type pdf)
<use R4RNA-010.pdf>
Package pdftex.def Info: R4RNA-010.pdf  used on input line 187.
(pdftex.def)             Requested size: 469.75502pt x 336.02184pt.
 [6 <./R4RNA-010.pdf>]
<R4RNA-011.pdf, id=164, 578.16pt x 289.08pt>
File: R4RNA-011.pdf Graphic file (type pdf)
<use R4RNA-011.pdf>
Package pdftex.def Info: R4RNA-011.pdf  used on input line 201.
(pdftex.def)             Requested size: 469.75502pt x 234.8769pt.
<R4RNA-012.pdf, id=165, 578.16pt x 289.08pt>
File: R4RNA-012.pdf Graphic file (type pdf)
<use R4RNA-012.pdf>
Package pdftex.def Info: R4RNA-012.pdf  used on input line 213.
(pdftex.def)             Requested size: 469.75502pt x 234.8769pt.
[7 <./R4RNA-011.pdf> <./R4RNA-012.pdf>]
<R4RNA-013.pdf, id=181, 433.62pt x 317.185pt>
File: R4RNA-013.pdf Graphic file (type pdf)
<use R4RNA-013.pdf>
Package pdftex.def Info: R4RNA-013.pdf  used on input line 230.
(pdftex.def)             Requested size: 469.75502pt x 343.63396pt.
<R4RNA-014.pdf, id=182, 433.62pt x 289.08pt>
File: R4RNA-014.pdf Graphic file (type pdf)
<use R4RNA-014.pdf>
Package pdftex.def Info: R4RNA-014.pdf  used on input line 243.
(pdftex.def)             Requested size: 469.75502pt x 313.1854pt.
 [8 <./R4RNA-013.pdf>]
<R4RNA-015.pdf, id=190, 433.62pt x 289.08pt>
File: R4RNA-015.pdf Graphic file (type pdf)
<use R4RNA-015.pdf>
Package pdftex.def Info: R4RNA-015.pdf  used on input line 254.
(pdftex.def)             Requested size: 469.75502pt x 313.1854pt.
 [9 <./R4RNA-014.pdf>]
<R4RNA-016.pdf, id=200, 433.62pt x 172.645pt>
File: R4RNA-016.pdf Graphic file (type pdf)
<use R4RNA-016.pdf>
Package pdftex.def Info: R4RNA-016.pdf  used on input line 280.
(pdftex.def)             Requested size: 469.75502pt x 187.04126pt.
 [10 <./R4RNA-015.pdf>]
<R4RNA-017.pdf, id=210, 433.62pt x 289.08pt>
File: R4RNA-017.pdf Graphic file (type pdf)
<use R4RNA-017.pdf>
Package pdftex.def Info: R4RNA-017.pdf  used on input line 295.
(pdftex.def)             Requested size: 469.75502pt x 313.1854pt.
 [11 <./R4RNA-016.pdf> <./R4RNA-017.pdf>]
<R4RNA-018.pdf, id=223, 433.62pt x 289.08pt>
File: R4RNA-018.pdf Graphic file (type pdf)
<use R4RNA-018.pdf>
Package pdftex.def Info: R4RNA-018.pdf  used on input line 309.
(pdftex.def)             Requested size: 469.75502pt x 313.1854pt.
<R4RNA-019.pdf, id=224, 433.62pt x 289.08pt>
File: R4RNA-019.pdf Graphic file (type pdf)
<use R4RNA-019.pdf>
Package pdftex.def Info: R4RNA-019.pdf  used on input line 331.
(pdftex.def)             Requested size: 469.75502pt x 313.1854pt.
 [12 <./R4RNA-018.pdf>]
<R4RNA-020.pdf, id=232, 433.62pt x 289.08pt>
File: R4RNA-020.pdf Graphic file (type pdf)
<use R4RNA-020.pdf>
Package pdftex.def Info: R4RNA-020.pdf  used on input line 344.
(pdftex.def)             Requested size: 469.75502pt x 313.1854pt.
 [13 <./R4RNA-019.pdf>]
<R4RNA-021.pdf, id=243, 433.62pt x 289.08pt>
File: R4RNA-021.pdf Graphic file (type pdf)
<use R4RNA-021.pdf>
Package pdftex.def Info: R4RNA-021.pdf  used on input line 358.
(pdftex.def)             Requested size: 469.75502pt x 313.1854pt.
 [14 <./R4RNA-020.pdf>]
<R4RNA-022.pdf, id=253, 433.62pt x 194.7275pt>
File: R4RNA-022.pdf Graphic file (type pdf)
<use R4RNA-022.pdf>
Package pdftex.def Info: R4RNA-022.pdf  used on input line 373.
(pdftex.def)             Requested size: 469.75502pt x 210.96515pt.
 [15 <./R4RNA-021.pdf> <./R4RNA-022.pdf>]
<R4RNA-023.pdf, id=269, 578.16pt x 289.08pt>
File: R4RNA-023.pdf Graphic file (type pdf)
<use R4RNA-023.pdf>
Package pdftex.def Info: R4RNA-023.pdf  used on input line 387.
(pdftex.def)             Requested size: 469.75502pt x 234.8769pt.
<R4RNA-024.pdf, id=270, 578.16pt x 289.08pt>
File: R4RNA-024.pdf Graphic file (type pdf)
<use R4RNA-024.pdf>
Package pdftex.def Info: R4RNA-024.pdf  used on input line 399.
(pdftex.def)             Requested size: 469.75502pt x 234.8769pt.
 [16 <./R4RNA-023.pdf>]
<R4RNA-025.pdf, id=280, 433.62pt x 172.645pt>
File: R4RNA-025.pdf Graphic file (type pdf)
<use R4RNA-025.pdf>
Package pdftex.def Info: R4RNA-025.pdf  used on input line 417.
(pdftex.def)             Requested size: 469.75502pt x 187.04126pt.
<R4RNA-026.pdf, id=281, 578.16pt x 289.08pt>
File: R4RNA-026.pdf Graphic file (type pdf)
<use R4RNA-026.pdf>
Package pdftex.def Info: R4RNA-026.pdf  used on input line 427.
(pdftex.def)             Requested size: 469.75502pt x 234.8769pt.
 [17 <./R4RNA-024.pdf> <./R4RNA-025.pdf>]
<R4RNA-027.pdf, id=296, 433.62pt x 158.5925pt>
File: R4RNA-027.pdf Graphic file (type pdf)
<use R4RNA-027.pdf>
Package pdftex.def Info: R4RNA-027.pdf  used on input line 441.
(pdftex.def)             Requested size: 469.75502pt x 171.81696pt.
<R4RNA-028.pdf, id=297, 578.16pt x 289.08pt>
File: R4RNA-028.pdf Graphic file (type pdf)
<use R4RNA-028.pdf>
Package pdftex.def Info: R4RNA-028.pdf  used on input line 455.
(pdftex.def)             Requested size: 469.75502pt x 234.8769pt.
 [18 <./R4RNA-026.pdf> <./R4RNA-027.pdf>]
<R4RNA-029.pdf, id=314, 433.62pt x 158.5925pt>
File: R4RNA-029.pdf Graphic file (type pdf)
<use R4RNA-029.pdf>
Package pdftex.def Info: R4RNA-029.pdf  used on input line 468.
(pdftex.def)             Requested size: 469.75502pt x 171.81696pt.
<R4RNA-030.pdf, id=315, 578.16pt x 289.08pt>
File: R4RNA-030.pdf Graphic file (type pdf)
<use R4RNA-030.pdf>
Package pdftex.def Info: R4RNA-030.pdf  used on input line 478.
(pdftex.def)             Requested size: 469.75502pt x 234.8769pt.
 [19 <./R4RNA-028.pdf> <./R4RNA-029.pdf>]
<R4RNA-031.pdf, id=333, 433.62pt x 158.5925pt>
File: R4RNA-031.pdf Graphic file (type pdf)
<use R4RNA-031.pdf>
Package pdftex.def Info: R4RNA-031.pdf  used on input line 491.
(pdftex.def)             Requested size: 469.75502pt x 171.81696pt.
<R4RNA-032.pdf, id=334, 578.16pt x 289.08pt>
File: R4RNA-032.pdf Graphic file (type pdf)
<use R4RNA-032.pdf>
Package pdftex.def Info: R4RNA-032.pdf  used on input line 499.
(pdftex.def)             Requested size: 469.75502pt x 234.8769pt.
 [20 <./R4RNA-030.pdf> <./R4RNA-031.pdf>]
<R4RNA-035.pdf, id=353, 578.16pt x 289.08pt>
File: R4RNA-035.pdf Graphic file (type pdf)
<use R4RNA-035.pdf>
Package pdftex.def Info: R4RNA-035.pdf  used on input line 530.
(pdftex.def)             Requested size: 469.75502pt x 234.8769pt.
 [21 <./R4RNA-032.pdf>]
<R4RNA-036.pdf, id=364, 578.16pt x 289.08pt>
File: R4RNA-036.pdf Graphic file (type pdf)
<use R4RNA-036.pdf>
Package pdftex.def Info: R4RNA-036.pdf  used on input line 539.
(pdftex.def)             Requested size: 469.75502pt x 234.8769pt.
LaTeX Font Info:    Trying to load font information for TS1+aer on input line 5
46.

(C:/PROGRA~1/R/R-3.6.3/share/texmf/tex/latex\ts1aer.fd
File: ts1aer.fd 
)
LaTeX Font Info:    Font shape `TS1/aer/m/n' in size <10> not available
(Font)              Font shape `TS1/cmr/m/n' tried instead on input line 546.
 [22 <./R4RNA-035.pdf> <./R4RNA-036.pdf>]
Package atveryend Info: Empty hook `BeforeClearDocument' on input line 558.
 [23]
Package atveryend Info: Empty hook `AfterLastShipout' on input line 558.
 (R4RNA.aux)
Package atveryend Info: Executing hook `AtVeryEndDocument' on input line 558.
Package atveryend Info: Executing hook `AtEndAfterFileList' on input line 558.
Package rerunfilecheck Info: File `R4RNA.out' has not changed.
(rerunfilecheck)             Checksum: 9F89E9B3FBA22F852E087119BF7D7CD7;1433.
Package atveryend Info: Empty hook `AtVeryVeryEnd' on input line 558.
 ) 
Here is how much of TeX's memory you used:
 7412 strings out of 480931
 118244 string characters out of 2909582
 373427 words of memory out of 3000000
 23082 multiletter control sequences out of 15000+200000
 557468 words of font info for 72 fonts, out of 3000000 for 9000
 1141 hyphenation exceptions out of 8191
 41i,6n,42p,221b,486s stack positions out of 5000i,500n,10000p,200000b,50000s
 <C:\Users\balas\AppData\Local\MiKTeX\2.9\fonts/pk/ljfour/jknappen/ec/dpi600\
tcrm1000.pk> <C:\Users\balas\AppData\Local\MiKTeX\2.9\fonts/pk/ljfour/jknappen/
ec/dpi600\tcst1000.pk><C:/Program Files/MiKTeX 2.9/fonts/type1/public/amsfonts/
cm/cmb10.pfb><C:/Program Files/MiKTeX 2.9/fonts/type1/public/amsfonts/cm/cmr10.
pfb><C:/Program Files/MiKTeX 2.9/fonts/type1/public/amsfonts/cm/cmr12.pfb><C:/P
rogram Files/MiKTeX 2.9/fonts/type1/public/amsfonts/cm/cmr17.pfb><C:/Program Fi
les/MiKTeX 2.9/fonts/type1/public/amsfonts/cm/cmsltt10.pfb><C:/Program Files/Mi
KTeX 2.9/fonts/type1/public/amsfonts/cm/cmti10.pfb><C:/Program Files/MiKTeX 2.9
/fonts/type1/public/amsfonts/cm/cmtt10.pfb>
Output written on R4RNA.pdf (23 pages, 2513625 bytes).
PDF statistics:
 423 PDF objects out of 1000 (max. 8388607)
 42 named destinations out of 1000 (max. 500000)
 296 words of extra memory for PDF output out of 10000 (max. 10000000)

